  Camera.cpp
D:\Stadium\Stadium\ModelLoading\Camera.cpp(24,16): warning C4244: '+=': conversion from 'double' to 'float', possible loss of data
D:\Stadium\Stadium\ModelLoading\Camera.cpp(25,18): warning C4244: '+=': conversion from 'double' to 'float', possible loss of data
D:\Stadium\Stadium\ModelLoading\Camera.cpp(40,49): warning C4244: '-=': conversion from 'double' to 'float', possible loss of data
  Mesh.cpp
  Model.cpp
  Shaders.cpp
  Application.cpp
D:\Stadium\Stadium\ModelLoading\src\Application.cpp(109,22): warning C4244: 'initializing': conversion from 'double' to 'float', possible loss of data
D:\Stadium\Stadium\ModelLoading\src\Application.cpp(196,11): warning C4244: '=': conversion from 'double' to 'float', possible loss of data
D:\Stadium\Stadium\ModelLoading\src\Application.cpp(197,11): warning C4244: '=': conversion from 'double' to 'float', possible loss of data
D:\Stadium\Stadium\ModelLoading\src\Application.cpp(202,10): warning C4244: '=': conversion from 'double' to 'float', possible loss of data
D:\Stadium\Stadium\ModelLoading\src\Application.cpp(203,10): warning C4244: '=': conversion from 'double' to 'float', possible loss of data
  stb_image.cpp
  Textures.cpp
  Generating Code...
LINK : warning LNK4098: defaultlib 'LIBCMT' conflicts with use of other libs; use /NODEFAULTLIB:library
LINK : warning LNK4098: defaultlib 'MSVCRT' conflicts with use of other libs; use /NODEFAULTLIB:library
glew32s.lib(glew.obj) : warning LNK4099: PDB 'vc120.pdb' was not found with 'glew32s.lib(glew.obj)' or at 'D:\Stadium\Stadium\Debug\vc120.pdb'; linking object as if no debug info
  ModelLoading.vcxproj -> D:\Stadium\Stadium\Debug\ModelLoading.exe
